Using pre-set license
Built from '2021.3/staging' branch; Version is '2021.3.11f1 (0a5ca18544bf) revision 679073'; Using compiler version '192829333'; Build Type 'Release'
OS: 'Windows 10  (10.0.19044) 64bit Core' Language: 'en' Physical Memory: 8141 MB
BatchMode: 1, IsHumanControllingUs: 0, StartBugReporterOnCrash: 0, Is64bit: 1, IsPro: 1

COMMAND LINE ARGUMENTS:
E:\Unity\2021.3.11f1\Editor\Unity.exe
-adb2
-batchMode
-noUpm
-name
AssetImportWorker0
-projectPath
E:/GitHub/duckyourself/beehive-yourself1/beehive yourself
-logFile
Logs/AssetImportWorker0.log
-srvPort
57268
Successfully changed project path to: E:/GitHub/duckyourself/beehive-yourself1/beehive yourself
E:/GitHub/duckyourself/beehive-yourself1/beehive yourself
[UnityMemory] Configuration Parameters - Can be set up in boot.config
    "memorysetup-bucket-allocator-granularity=16"
    "memorysetup-bucket-allocator-bucket-count=8"
    "memorysetup-bucket-allocator-block-size=33554432"
    "memorysetup-bucket-allocator-block-count=8"
    "memorysetup-main-allocator-block-size=16777216"
    "memorysetup-thread-allocator-block-size=16777216"
    "memorysetup-gfx-main-allocator-block-size=16777216"
    "memorysetup-gfx-thread-allocator-block-size=16777216"
    "memorysetup-cache-allocator-block-size=4194304"
    "memorysetup-typetree-allocator-block-size=2097152"
    "memorysetup-profiler-bucket-allocator-granularity=16"
    "memorysetup-profiler-bucket-allocator-bucket-count=8"
    "memorysetup-profiler-bucket-allocator-block-size=33554432"
    "memorysetup-profiler-bucket-allocator-block-count=8"
    "memorysetup-profiler-allocator-block-size=16777216"
    "memorysetup-profiler-editor-allocator-block-size=1048576"
    "memorysetup-temp-allocator-size-main=16777216"
    "memorysetup-job-temp-allocator-block-size=2097152"
    "memorysetup-job-temp-allocator-block-size-background=1048576"
    "memorysetup-job-temp-allocator-reduction-small-platforms=262144"
    "memorysetup-temp-allocator-size-background-worker=32768"
    "memorysetup-temp-allocator-size-job-worker=262144"
    "memorysetup-temp-allocator-size-preload-manager=33554432"
    "memorysetup-temp-allocator-size-nav-mesh-worker=65536"
    "memorysetup-temp-allocator-size-audio-worker=65536"
    "memorysetup-temp-allocator-size-cloud-worker=32768"
    "memorysetup-temp-allocator-size-gi-baking-worker=262144"
    "memorysetup-temp-allocator-size-gfx=262144"
Refreshing native plugins compatible for Editor in 95.44 ms, found 3 plugins.
Preloading 0 native plugins for Editor in 0.00 ms.
Initialize engine version: 2021.3.11f1 (0a5ca18544bf)
[Subsystems] Discovering subsystems at path E:/Unity/2021.3.11f1/Editor/Data/Resources/UnitySubsystems
[Subsystems] Discovering subsystems at path E:/GitHub/duckyourself/beehive-yourself1/beehive yourself/Assets
GfxDevice: creating device client; threaded=0; jobified=0
Direct3D:
    Version:  Direct3D 11.0 [level 11.1]
    Renderer: NVIDIA GeForce RTX 2060 (ID=0x1f08)
    Vendor:   NVIDIA
    VRAM:     5980 MB
    Driver:   31.0.15.1659
Initialize mono
Mono path[0] = 'E:/Unity/2021.3.11f1/Editor/Data/Managed'
Mono path[1] = 'E:/Unity/2021.3.11f1/Editor/Data/MonoBleedingEdge/lib/mono/unityjit-win32'
Mono config path = 'E:/Unity/2021.3.11f1/Editor/Data/MonoBleedingEdge/etc'
Using monoOptions --debugger-agent=transport=dt_socket,embedding=1,server=y,suspend=n,address=127.0.0.1:56152
Begin MonoManager ReloadAssembly
Registering precompiled unity dll's ...
Register platform support module: E:/Unity/2021.3.11f1/Editor/Data/PlaybackEngines/WindowsStandaloneSupport/UnityEditor.WindowsStandalone.Extensions.dll
Registered in 0.004282 seconds.
Native extension for WindowsStandalone target not found
Refreshing native plugins compatible for Editor in 91.57 ms, found 3 plugins.
Preloading 0 native plugins for Editor in 0.00 ms.
Mono: successfully reloaded assembly
- Completed reload, in  0.804 seconds
Domain Reload Profiling:
	ReloadAssembly (804ms)
		BeginReloadAssembly (108ms)
			ExecutionOrderSort (0ms)
			DisableScriptedObjects (0ms)
			BackupInstance (0ms)
			ReleaseScriptingObjects (0ms)
			CreateAndSetChildDomain (1ms)
		EndReloadAssembly (546ms)
			LoadAssemblies (106ms)
			RebuildTransferFunctionScriptingTraits (0ms)
			SetupTypeCache (141ms)
			ReleaseScriptCaches (0ms)
			RebuildScriptCaches (31ms)
			SetupLoadedEditorAssemblies (316ms)
				LogAssemblyErrors (0ms)
				InitializePlatformSupportModulesInManaged (8ms)
				SetLoadedEditorAssemblies (0ms)
				RefreshPlugins (92ms)
				BeforeProcessingInitializeOnLoad (2ms)
				ProcessInitializeOnLoadAttributes (149ms)
				ProcessInitializeOnLoadMethodAttributes (66ms)
				AfterProcessingInitializeOnLoad (0ms)
				EditorAssembliesLoaded (0ms)
			ExecutionOrderSort2 (0ms)
			AwakeInstancesAfterBackupRestoration (0ms)
Platform modules already initialized, skipping
Registering precompiled user dll's ...
Registered in 0.013574 seconds.
Begin MonoManager ReloadAssembly
Symbol file LoadedFromMemory doesn't match image E:\GitHub\duckyourself\beehive-yourself1\beehive yourself\Library\PackageCache\com.unity.visualscripting@1.7.8\Editor\VisualScripting.Core\Dependencies\YamlDotNet\Unity.VisualScripting.YamlDotNet.dll
Symbol file LoadedFromMemory doesn't match image E:\GitHub\duckyourself\beehive-yourself1\beehive yourself\Library\PackageCache\com.unity.visualscripting@1.7.8\Editor\VisualScripting.Core\Dependencies\DotNetZip\Unity.VisualScripting.IonicZip.dll
Native extension for WindowsStandalone target not found
Refreshing native plugins compatible for Editor in 0.73 ms, found 3 plugins.
Preloading 0 native plugins for Editor in 0.00 ms.
Mono: successfully reloaded assembly
- Completed reload, in  1.702 seconds
Domain Reload Profiling:
	ReloadAssembly (1704ms)
		BeginReloadAssembly (137ms)
			ExecutionOrderSort (0ms)
			DisableScriptedObjects (8ms)
			BackupInstance (0ms)
			ReleaseScriptingObjects (0ms)
			CreateAndSetChildDomain (24ms)
		EndReloadAssembly (1428ms)
			LoadAssemblies (446ms)
			RebuildTransferFunctionScriptingTraits (0ms)
			SetupTypeCache (326ms)
			ReleaseScriptCaches (1ms)
			RebuildScriptCaches (63ms)
			SetupLoadedEditorAssemblies (556ms)
				LogAssemblyErrors (0ms)
				InitializePlatformSupportModulesInManaged (5ms)
				SetLoadedEditorAssemblies (1ms)
				RefreshPlugins (1ms)
				BeforeProcessingInitializeOnLoad (99ms)
				ProcessInitializeOnLoadAttributes (405ms)
				ProcessInitializeOnLoadMethodAttributes (40ms)
				AfterProcessingInitializeOnLoad (4ms)
				EditorAssembliesLoaded (0ms)
			ExecutionOrderSort2 (0ms)
			AwakeInstancesAfterBackupRestoration (7ms)
Platform modules already initialized, skipping
========================================================================
Worker process is ready to serve import requests
Launched and connected shader compiler UnityShaderCompiler.exe after 0.05 seconds
Refreshing native plugins compatible for Editor in 0.85 ms, found 3 plugins.
Preloading 0 native plugins for Editor in 0.00 ms.
Unloading 3380 Unused Serialized files (Serialized files now loaded: 0)
Unloading 27 unused Assets / (113.3 KB). Loaded Objects now: 3837.
Memory consumption went from 116.2 MB to 116.0 MB.
Total: 3.955400 ms (FindLiveObjects: 0.417000 ms CreateObjectMapping: 0.106300 ms MarkObjects: 3.286100 ms  DeleteObjects: 0.144600 ms)

AssetImportParameters requested are different than current active one (requested -> active):
  custom:video-decoder-ogg-theora: a1e56fd34408186e4bbccfd4996cb3dc -> 
  custom:container-muxer-webm: aa71ff27fc2769a1b78a27578f13a17b -> 
  custom:container-demuxer-webm: 4f35f7cbe854078d1ac9338744f61a02 -> 
  custom:video-encoder-webm-vp8: eb34c28f22e8b96e1ab97ce403110664 -> 
  custom:audio-encoder-webm-vorbis: bf7c407c2cedff20999df2af8eb42d56 -> 
  custom:framework-win-MediaFoundation: 216162199b28c13a410421893ffa2e32 -> 
  custom:container-demuxer-ogg: 62fdf1f143b41e24485cea50d1cbac27 -> 
  custom:video-decoder-webm-vp8: 9c59270c3fd7afecdb556c50c9e8de78 -> 
  custom:audio-decoder-ogg-vorbis: bf7c407c2cedff20999df2af8eb42d56 -> 
========================================================================
Received Import Request.
  Time since last request: 48172.388336 seconds.
  path: Assets/Scenes/Main_Scene.unity
  artifactKey: Guid(9fc0d4010bbf28b4594072e72b8655ab) Importer(815301076,1909f56bfc062723c751e8b465ee728b)
Start importing Assets/Scenes/Main_Scene.unity using Guid(9fc0d4010bbf28b4594072e72b8655ab) Importer(815301076,1909f56bfc062723c751e8b465ee728b)  -> (artifact id: '2b2cb4947aef4476b8caaf780f5affa4') in 0.016394 seconds 
========================================================================
Received Import Request.
  Time since last request: 20.456572 seconds.
  path: Assets/Scenes
  artifactKey: Guid(6ea315d0fd7389c41b19996891e99ae3) Importer(815301076,1909f56bfc062723c751e8b465ee728b)
Start importing Assets/Scenes using Guid(6ea315d0fd7389c41b19996891e99ae3) Importer(815301076,1909f56bfc062723c751e8b465ee728b)  -> (artifact id: 'b8193726cff86800c54781cdc6d54904') in 0.008371 seconds 
========================================================================
Received Import Request.
  Time since last request: 22.000962 seconds.
  path: Assets/Scenes/Hayat_Scene.unity
  artifactKey: Guid(8c0cfab96dd78dd4182137513e8bc841) Importer(815301076,1909f56bfc062723c751e8b465ee728b)
Start importing Assets/Scenes/Hayat_Scene.unity using Guid(8c0cfab96dd78dd4182137513e8bc841) Importer(815301076,1909f56bfc062723c751e8b465ee728b)  -> (artifact id: '027a352c1b7369dec7c0a5185bd18af5') in 0.006673 seconds 
========================================================================
Received Import Request.
  Time since last request: 25.634053 seconds.
  path: Assets/Scenes/Armaan_Scene.unity
  artifactKey: Guid(68e0c2d54d9199042973ed19efafecd8) Importer(815301076,1909f56bfc062723c751e8b465ee728b)
Start importing Assets/Scenes/Armaan_Scene.unity using Guid(68e0c2d54d9199042973ed19efafecd8) Importer(815301076,1909f56bfc062723c751e8b465ee728b)  -> (artifact id: '7192133e76b2bbcea6648fa46e7811ad') in 0.006885 seconds 
========================================================================
Received Import Request.
  Time since last request: 67.720845 seconds.
  path: Assets
  artifactKey: Guid(00000000000000001000000000000000) Importer(815301076,1909f56bfc062723c751e8b465ee728b)
Start importing Assets using Guid(00000000000000001000000000000000) Importer(815301076,1909f56bfc062723c751e8b465ee728b)  -> (artifact id: '79842766b460edbeab6a34051e857a80') in 0.011067 seconds 
========================================================================
Received Import Request.
  Time since last request: 8.055821 seconds.
  path: Assets/New Scene.unity
  artifactKey: Guid(bef6ea50050df5c4f9e79b60758d1e1e) Importer(815301076,1909f56bfc062723c751e8b465ee728b)
Start importing Assets/New Scene.unity using Guid(bef6ea50050df5c4f9e79b60758d1e1e) Importer(815301076,1909f56bfc062723c751e8b465ee728b)  -> (artifact id: 'f378abdd1e16ccef4b34420d2c86d825') in 0.006712 seconds 
========================================================================
Received Import Request.
  Time since last request: 12.866410 seconds.
  path: Assets/Hayat
  artifactKey: Guid(730ca516aa9a5494982bd43fedb645ae) Importer(815301076,1909f56bfc062723c751e8b465ee728b)
Start importing Assets/Hayat using Guid(730ca516aa9a5494982bd43fedb645ae) Importer(815301076,1909f56bfc062723c751e8b465ee728b)  -> (artifact id: '769114f50e34392eeb879cded900ab1e') in 0.006410 seconds 
========================================================================
Received Import Request.
  Time since last request: 22.172915 seconds.
  path: Assets/Scenes/Pri.unity
  artifactKey: Guid(fe021890e3e261d4e9b808c591d61453) Importer(815301076,1909f56bfc062723c751e8b465ee728b)
Start importing Assets/Scenes/Pri.unity using Guid(fe021890e3e261d4e9b808c591d61453) Importer(815301076,1909f56bfc062723c751e8b465ee728b)  -> (artifact id: 'e19565503543b5d808b8b1ceb0f8edf7') in 0.008918 seconds 
========================================================================
Received Import Request.
  Time since last request: 18.483628 seconds.
  path: Assets/Scenes/Prieance_Scene.unity
  artifactKey: Guid(fe021890e3e261d4e9b808c591d61453) Importer(815301076,1909f56bfc062723c751e8b465ee728b)
Start importing Assets/Scenes/Prieance_Scene.unity using Guid(fe021890e3e261d4e9b808c591d61453) Importer(815301076,1909f56bfc062723c751e8b465ee728b)  -> (artifact id: '4923f4570698daa65a8c5615973ae04d') in 0.006696 seconds 
========================================================================
Received Import Request.
  Time since last request: 18.431215 seconds.
  path: Assets/Hayat/Scripts
  artifactKey: Guid(69bbaaba05e486d47866e07a180bb554) Importer(815301076,1909f56bfc062723c751e8b465ee728b)
Start importing Assets/Hayat/Scripts using Guid(69bbaaba05e486d47866e07a180bb554) Importer(815301076,1909f56bfc062723c751e8b465ee728b)  -> (artifact id: '457bf7e5b51c19497f5014722dd468da') in 0.006342 seconds 
========================================================================
Received Import Request.
  Time since last request: 12.960878 seconds.
  path: Assets/Hayat/Prefabs
  artifactKey: Guid(41260e20457b2184c9daf8cd74d81aa5) Importer(815301076,1909f56bfc062723c751e8b465ee728b)
Start importing Assets/Hayat/Prefabs using Guid(41260e20457b2184c9daf8cd74d81aa5) Importer(815301076,1909f56bfc062723c751e8b465ee728b)  -> (artifact id: 'dade6b1b060ecce3756bf505ee9953ab') in 0.006982 seconds 
========================================================================
Received Import Request.
  Time since last request: 52.106642 seconds.
  path: Assets/Armaan
  artifactKey: Guid(9cb28fb5e20790641bb67618a4462900) Importer(815301076,1909f56bfc062723c751e8b465ee728b)
Start importing Assets/Armaan using Guid(9cb28fb5e20790641bb67618a4462900) Importer(815301076,1909f56bfc062723c751e8b465ee728b)  -> (artifact id: '615b5b238ecf4cfebf080d583e67cad0') in 0.007272 seconds 
========================================================================
Received Import Request.
  Time since last request: 9.169336 seconds.
  path: Assets/Armaan/Scripts
  artifactKey: Guid(171acef7b502fea4e8d2569d3fdea22e) Importer(815301076,1909f56bfc062723c751e8b465ee728b)
Start importing Assets/Armaan/Scripts using Guid(171acef7b502fea4e8d2569d3fdea22e) Importer(815301076,1909f56bfc062723c751e8b465ee728b)  -> (artifact id: '944e09e656c31fecb830174bdf429cb2') in 0.004943 seconds 
========================================================================
Received Import Request.
  Time since last request: 8.044114 seconds.
  path: Assets/Armaan/NewBehaviourScript.cs
  artifactKey: Guid(9b7844d78550fa341ba9ed43bc8adf32) Importer(815301076,1909f56bfc062723c751e8b465ee728b)
Start importing Assets/Armaan/NewBehaviourScript.cs using Guid(9b7844d78550fa341ba9ed43bc8adf32) Importer(815301076,1909f56bfc062723c751e8b465ee728b)  -> (artifact id: '19b52a942eaa99f098369a5713125e07') in 0.137130 seconds 
========================================================================
Received Prepare
Registering precompiled user dll's ...
Registered in 0.006737 seconds.
Begin MonoManager ReloadAssembly
Symbol file LoadedFromMemory doesn't match image E:\GitHub\duckyourself\beehive-yourself1\beehive yourself\Library\PackageCache\com.unity.visualscripting@1.7.8\Editor\VisualScripting.Core\Dependencies\YamlDotNet\Unity.VisualScripting.YamlDotNet.dll
Symbol file LoadedFromMemory doesn't match image E:\GitHub\duckyourself\beehive-yourself1\beehive yourself\Library\PackageCache\com.unity.visualscripting@1.7.8\Editor\VisualScripting.Core\Dependencies\DotNetZip\Unity.VisualScripting.IonicZip.dll
Native extension for WindowsStandalone target not found
Refreshing native plugins compatible for Editor in 1.21 ms, found 3 plugins.
Preloading 0 native plugins for Editor in 0.00 ms.
Mono: successfully reloaded assembly
- Completed reload, in  1.228 seconds
Domain Reload Profiling:
	ReloadAssembly (1229ms)
		BeginReloadAssembly (186ms)
			ExecutionOrderSort (0ms)
			DisableScriptedObjects (7ms)
			BackupInstance (0ms)
			ReleaseScriptingObjects (0ms)
			CreateAndSetChildDomain (58ms)
		EndReloadAssembly (894ms)
			LoadAssemblies (125ms)
			RebuildTransferFunctionScriptingTraits (0ms)
			SetupTypeCache (335ms)
			ReleaseScriptCaches (1ms)
			RebuildScriptCaches (45ms)
			SetupLoadedEditorAssemblies (366ms)
				LogAssemblyErrors (0ms)
				InitializePlatformSupportModulesInManaged (17ms)
				SetLoadedEditorAssemblies (1ms)
				RefreshPlugins (1ms)
				BeforeProcessingInitializeOnLoad (75ms)
				ProcessInitializeOnLoadAttributes (237ms)
				ProcessInitializeOnLoadMethodAttributes (31ms)
				AfterProcessingInitializeOnLoad (4ms)
				EditorAssembliesLoaded (0ms)
			ExecutionOrderSort2 (0ms)
			AwakeInstancesAfterBackupRestoration (8ms)
Platform modules already initialized, skipping
Refreshing native plugins compatible for Editor in 1.86 ms, found 3 plugins.
Preloading 0 native plugins for Editor in 0.00 ms.
Unloading 3375 Unused Serialized files (Serialized files now loaded: 0)
Unloading 20 unused Assets / (79.9 KB). Loaded Objects now: 3840.
Memory consumption went from 116.1 MB to 116.0 MB.
Total: 3.608600 ms (FindLiveObjects: 0.414700 ms CreateObjectMapping: 0.092000 ms MarkObjects: 2.999500 ms  DeleteObjects: 0.100400 ms)

AssetImportParameters requested are different than current active one (requested -> active):
  custom:video-decoder-ogg-theora: a1e56fd34408186e4bbccfd4996cb3dc -> 
  custom:container-muxer-webm: aa71ff27fc2769a1b78a27578f13a17b -> 
  custom:container-demuxer-webm: 4f35f7cbe854078d1ac9338744f61a02 -> 
  custom:video-encoder-webm-vp8: eb34c28f22e8b96e1ab97ce403110664 -> 
  custom:audio-encoder-webm-vorbis: bf7c407c2cedff20999df2af8eb42d56 -> 
  custom:framework-win-MediaFoundation: 216162199b28c13a410421893ffa2e32 -> 
  custom:container-demuxer-ogg: 62fdf1f143b41e24485cea50d1cbac27 -> 
  custom:video-decoder-webm-vp8: 9c59270c3fd7afecdb556c50c9e8de78 -> 
  custom:audio-decoder-ogg-vorbis: bf7c407c2cedff20999df2af8eb42d56 -> 
========================================================================
Received Import Request.
  Time since last request: 28.275188 seconds.
  path: Assets/Armaan/Prefabs
  artifactKey: Guid(5bf7627852a81c94c89b59f8988a4fd1) Importer(815301076,1909f56bfc062723c751e8b465ee728b)
Start importing Assets/Armaan/Prefabs using Guid(5bf7627852a81c94c89b59f8988a4fd1) Importer(815301076,1909f56bfc062723c751e8b465ee728b)  -> (artifact id: '9a1c99e3fe60422c3e6d99d0c183d578') in 0.013436 seconds 
========================================================================
Received Import Request.
  Time since last request: 19.581278 seconds.
  path: Assets/Prieance
  artifactKey: Guid(7e6398774ac3b0448a992f3872281511) Importer(815301076,1909f56bfc062723c751e8b465ee728b)
Start importing Assets/Prieance using Guid(7e6398774ac3b0448a992f3872281511) Importer(815301076,1909f56bfc062723c751e8b465ee728b)  -> (artifact id: 'ab3b3c6ab0e9ae6b2e9c07ee2fa033d0') in 0.006658 seconds 
========================================================================
Received Import Request.
  Time since last request: 13.511648 seconds.
  path: Assets/Prieance/Prefabs
  artifactKey: Guid(ff8c34e07afd19543a54e8902afc04e5) Importer(815301076,1909f56bfc062723c751e8b465ee728b)
Start importing Assets/Prieance/Prefabs using Guid(ff8c34e07afd19543a54e8902afc04e5) Importer(815301076,1909f56bfc062723c751e8b465ee728b)  -> (artifact id: '0d9b5104aaf46750f29bc6c58e847c4b') in 0.002367 seconds 
========================================================================
Received Import Request.
  Time since last request: 10.666742 seconds.
  path: Assets/Prieance/Scripts
  artifactKey: Guid(8df71910559fa8243b90c4fcf483b351) Importer(815301076,1909f56bfc062723c751e8b465ee728b)
Start importing Assets/Prieance/Scripts using Guid(8df71910559fa8243b90c4fcf483b351) Importer(815301076,1909f56bfc062723c751e8b465ee728b)  -> (artifact id: 'b3d7ef5e35a950f00d018941c1c2dbd9') in 0.002110 seconds 
